#
# There is insufficient memory for the Java Runtime Environment to continue.
# Native memory allocation (malloc) failed to allocate 1048576 bytes. Error detail: AllocateHeap
# Possible reasons:
#   The system is out of physical RAM or swap space
#   This process is running with CompressedOops enabled, and the Java Heap may be blocking the growth of the native heap
# Possible solutions:
#   Reduce memory load on the system
#   Increase physical memory or swap space
#   Check if swap backing store is full
#   Decrease Java heap size (-Xmx/-Xms)
#   Decrease number of Java threads
#   Decrease Java thread stack sizes (-Xss)
#   Set larger code cache with -XX:ReservedCodeCacheSize=
#   JVM is running with Unscaled Compressed Oops mode in which the Java heap is
#     placed in the first 4GB address space. The Java Heap base address is the
#     maximum limit for the native heap growth. Please use -XX:HeapBaseMinAddress
#     to set the Java Heap base and to place the Java Heap above 4GB virtual address.
# This output file may be truncated or incomplete.
#
#  Out of Memory Error (allocation.cpp:44), pid=14308, tid=3256
#
# JRE version:  (17.0.11+9) (build )
# Java VM: OpenJDK 64-Bit Server VM (17.0.11+9, mixed mode, tiered, compressed oops, compressed class ptrs, parallel gc, windows-amd64)
# No core dump will be written. Minidumps are not enabled by default on client versions of Windows
#

---------------  S U M M A R Y ------------

Command Line: --add-modules=ALL-SYSTEM --add-opens=java.base/java.util=ALL-UNNAMED --add-opens=java.base/java.lang=ALL-UNNAMED --add-opens=java.base/sun.nio.fs=ALL-UNNAMED -Declipse.application=org.eclipse.jdt.ls.core.id1 -Dosgi.bundles.defaultStartLevel=4 -Declipse.product=org.eclipse.jdt.ls.core.product -Djava.import.generatesMetadataFilesAtProjectRoot=false -DDetectVMInstallationsJob.disabled=true -Dfile.encoding=utf8 -XX:+UseParallelGC -XX:GCTimeRatio=4 -XX:AdaptiveSizePolicyWeight=90 -Dsun.zip.disableMemoryMapping=true -Xmx1G -Xms100m -Xlog:disable -javaagent:c:\Users\jhama\.vscode\extensions\redhat.java-1.31.0-win32-x64\lombok\lombok-1.18.32.jar -XX:+HeapDumpOnOutOfMemoryError -XX:HeapDumpPath=c:\Users\jhama\AppData\Roaming\Code\User\workspaceStorage\fe98f68a95f8fa95752b59afe04a3008\redhat.java -Daether.dependencyCollector.impl=bf c:\Users\jhama\.vscode\extensions\redhat.java-1.31.0-win32-x64\server\plugins\org.eclipse.equinox.launcher_1.6.800.v20240513-1750.jar -configuration c:\Users\jhama\AppData\Roaming\Code\User\globalStorage\redhat.java\1.31.0\config_win -data c:\Users\jhama\AppData\Roaming\Code\User\workspaceStorage\fe98f68a95f8fa95752b59afe04a3008\redhat.java\jdt_ws --pipe=\\.\pipe\lsp-bb391c7ac01d6fd37bab96c2f32c9dfc-sock

Host: AMD Ryzen 5 5600H with Radeon Graphics         , 12 cores, 7G,  Windows 11 , 64 bit Build 22621 (10.0.22621.3527)
Time: Sat Jun  8 00:01:42 2024 India Standard Time elapsed time: 0.200743 seconds (0d 0h 0m 0s)

---------------  T H R E A D  ---------------

Current thread (0x0000029275d5f920):  JavaThread "Unknown thread" [_thread_in_vm, id=3256, stack(0x000000fb9c600000,0x000000fb9c700000)]

Stack: [0x000000fb9c600000,0x000000fb9c700000]
Native frames: (J=compiled Java code, j=interpreted, Vv=VM code, C=native code)
V  [jvm.dll+0x67d429]
V  [jvm.dll+0x834b7a]
V  [jvm.dll+0x83663e]
V  [jvm.dll+0x836ca3]
V  [jvm.dll+0x247dbf]
V  [jvm.dll+0xa6cb3]
V  [jvm.dll+0x6baf63]
V  [jvm.dll+0x6bbadf]
V  [jvm.dll+0x689b58]
V  [jvm.dll+0x806c4b]
V  [jvm.dll+0x36c5e4]
V  [jvm.dll+0x7e4f56]
V  [jvm.dll+0x3efdcf]
V  [jvm.dll+0x3f1921]
C  [jli.dll+0x528f]
C  [ucrtbase.dll+0x29333]
C  [KERNEL32.DLL+0x1257d]
C  [ntdll.dll+0x5aa48]


---------------  P R O C E S S  ---------------

Threads class SMR info:
_java_thread_list=0x00007ffa22c1eed8, length=0, elements={
}

Java Threads: ( => current thread )

Other Threads:
  0x0000029275d76c20 GCTaskThread "GC Thread#0" [stack: 0x000000fb9c700000,0x000000fb9c800000] [id=16400]

=>0x0000029275d5f920 (exited) JavaThread "Unknown thread" [_thread_in_vm, id=3256, stack(0x000000fb9c600000,0x000000fb9c700000)]

Threads with active compile tasks:

VM state: not at safepoint (normal execution)

VM Mutex/Monitor currently owned by a thread: None

Heap address: 0x00000000c0000000, size: 1024 MB, Compressed Oops mode: 32-bit

CDS archive(s) not mapped
Compressed class space mapped at: 0x0000000100000000-0x0000000140000000, reserved size: 1073741824
Narrow klass base: 0x0000000000000000, Narrow klass shift: 3, Narrow klass range: 0x140000000

GC Precious Log:
 CPUs: 12 total, 12 available
 Memory: 7524M
 Large Page Support: Disabled
 NUMA Support: Disabled
 Compressed Oops: Enabled (32-bit)
 Alignments: Space 512K, Generation 512K, Heap 2M
 Heap Min Capacity: 100M
 Heap Initial Capacity: 100M
 Heap Max Capacity: 1G
 Pre-touch: Disabled
 Parallel Workers: 10

Heap:
 PSYoungGen      total 29696K, used 512K [0x00000000eab00000, 0x00000000ecc00000, 0x0000000100000000)
  eden space 25600K, 2% used [0x00000000eab00000,0x00000000eab80070,0x00000000ec400000)
  from space 4096K, 0% used [0x00000000ec800000,0x00000000ec800000,0x00000000ecc00000)
  to   space 4096K, 0% used [0x00000000ec400000,0x00000000ec400000,0x00000000ec800000)
 ParOldGen       total 68608K, used 0K [0x00000000c0000000, 0x00000000c4300000, 0x00000000eab00000)
  object space 68608K, 0% used [0x00000000c0000000,0x00000000c0000000,0x00000000c4300000)
 Metaspace       used 1149K, committed 1216K, reserved 1114112K
  class space    used 101K, committed 128K, reserved 1048576K

Card table byte_map: [0x0000029275720000,0x0000029275930000] _byte_map_base: 0x0000029275120000

Marking Bits: (ParMarkBitMap*) 0x00007ffa22c8d820
 Begin Bits: [0x00000292789f0000, 0x00000292799f0000)
 End Bits:   [0x00000292799f0000, 0x000002927a9f0000)

Polling page: 0x0000029275510000

Metaspace:

Usage:
  Non-class:      1.02 MB used.
      Class:    101.05 KB used.
       Both:      1.12 MB used.

Virtual space:
  Non-class space:       64.00 MB reserved,       1.06 MB (  2%) committed,  1 nodes.
      Class space:        1.00 GB reserved,     128.00 KB ( <1%) committed,  1 nodes.
             Both:        1.06 GB reserved,       1.19 MB ( <1%) committed. 

Chunk freelists:
   Non-Class:  12.00 MB
       Class:  15.75 MB
        Both:  27.75 MB

MaxMetaspaceSize: unlimited
CompressedClassSpaceSize: 1.00 GB
Initial GC threshold: 21.00 MB
Current GC threshold: 17179869184.00 GB
CDS: off
MetaspaceReclaimPolicy: balanced
 - commit_granule_bytes: 65536.
 - commit_granule_words: 8192.
 - virtual_space_node_default_size: 8388608.
 - enlarge_chunks_in_place: 1.
 - new_chunks_are_fully_committed: 0.
 - uncommit_free_chunks: 1.
 - use_allocation_guard: 0.
 - handle_deallocations: 1.


Internal statistics:

num_allocs_failed_limit: 0.
num_arena_births: 2.
num_arena_deaths: 0.
num_vsnodes_births: 2.
num_vsnodes_deaths: 0.
num_space_committed: 19.
num_space_uncommitted: 0.
num_chunks_returned_to_freelist: 0.
num_chunks_taken_from_freelist: 3.
num_chunk_merges: 0.
num_chunk_splits: 2.
num_chunks_enlarged: 0.
num_inconsistent_stats: 0.

CodeHeap 'non-profiled nmethods': size=120000Kb used=0Kb max_used=0Kb free=120000Kb
 bounds [0x0000029207ad0000, 0x0000029207d40000, 0x000002920f000000]
CodeHeap 'profiled nmethods': size=120000Kb used=0Kb max_used=0Kb free=120000Kb
 bounds [0x0000029200000000, 0x0000029200270000, 0x0000029207530000]
CodeHeap 'non-nmethods': size=5760Kb used=202Kb max_used=353Kb free=5557Kb
 bounds [0x0000029207530000, 0x00000292077a0000, 0x0000029207ad0000]
 total_blobs=66 nmethods=0 adapters=47
 compilation: enabled
              stopped_count=0, restarted_count=0
 full_count=0

Compilation events (0 events):
No events

GC Heap History (0 events):
No events

Dll operation events (1 events):
Event: 0.146 Loaded shared library c:\Users\jhama\.vscode\extensions\redhat.java-1.31.0-win32-x64\jre\17.0.11-win32-x86_64\bin\java.dll

Deoptimization events (0 events):
No events

Classes unloaded (0 events):
No events

Classes redefined (0 events):
No events

Internal exceptions (0 events):
No events

VM Operations (0 events):
No events

Events (20 events):
Event: 0.164 loading class java/lang/Long
Event: 0.165 loading class java/lang/Long done
Event: 0.165 loading class java/util/Iterator
Event: 0.165 loading class java/util/Iterator done
Event: 0.165 loading class java/lang/reflect/RecordComponent
Event: 0.165 loading class java/lang/reflect/RecordComponent done
Event: 0.165 loading class jdk/internal/vm/vector/VectorSupport
Event: 0.165 loading class jdk/internal/vm/vector/VectorSupport done
Event: 0.165 loading class jdk/internal/vm/vector/VectorSupport$VectorPayload
Event: 0.165 loading class jdk/internal/vm/vector/VectorSupport$VectorPayload done
Event: 0.165 loading class jdk/internal/vm/vector/VectorSupport$Vector
Event: 0.165 loading class jdk/internal/vm/vector/VectorSupport$Vector done
Event: 0.165 loading class jdk/internal/vm/vector/VectorSupport$VectorMask
Event: 0.165 loading class jdk/internal/vm/vector/VectorSupport$VectorMask done
Event: 0.165 loading class jdk/internal/vm/vector/VectorSupport$VectorShuffle
Event: 0.165 loading class jdk/internal/vm/vector/VectorSupport$VectorShuffle done
Event: 0.167 loading class java/lang/NullPointerException
Event: 0.167 loading class java/lang/NullPointerException done
Event: 0.167 loading class java/lang/ArithmeticException
Event: 0.167 loading class java/lang/ArithmeticException done


Dynamic libraries:
0x00007ff7aa6e0000 - 0x00007ff7aa6ee000 	c:\Users\jhama\.vscode\extensions\redhat.java-1.31.0-win32-x64\jre\17.0.11-win32-x86_64\bin\java.exe
0x00007ffaf8130000 - 0x00007ffaf8347000 	C:\WINDOWS\SYSTEM32\ntdll.dll
0x00007ffaf7150000 - 0x00007ffaf7214000 	C:\WINDOWS\System32\KERNEL32.DLL
0x00007ffaf5ab0000 - 0x00007ffaf5e57000 	C:\WINDOWS\System32\KERNELBASE.dll
0x00007ffaf5450000 - 0x00007ffaf5561000 	C:\WINDOWS\System32\ucrtbase.dll
0x00007ffadf560000 - 0x00007ffadf577000 	c:\Users\jhama\.vscode\extensions\redhat.java-1.31.0-win32-x64\jre\17.0.11-win32-x86_64\bin\jli.dll
0x00007ffadf350000 - 0x00007ffadf36b000 	c:\Users\jhama\.vscode\extensions\redhat.java-1.31.0-win32-x64\jre\17.0.11-win32-x86_64\bin\VCRUNTIME140.dll
0x00007ffaf75e0000 - 0x00007ffaf778e000 	C:\WINDOWS\System32\USER32.dll
0x00007ffaf5830000 - 0x00007ffaf5856000 	C:\WINDOWS\System32\win32u.dll
0x00007ffaf6310000 - 0x00007ffaf6339000 	C:\WINDOWS\System32\GDI32.dll
0x00007ffadff60000 - 0x00007ffae01f3000 	C:\WINDOWS\WinSxS\amd64_microsoft.windows.common-controls_6595b64144ccf1df_6.0.22621.3527_none_270e469b73872a76\COMCTL32.dll
0x00007ffaf58d0000 - 0x00007ffaf59e9000 	C:\WINDOWS\System32\gdi32full.dll
0x00007ffaf7510000 - 0x00007ffaf75b7000 	C:\WINDOWS\System32\msvcrt.dll
0x00007ffaf5620000 - 0x00007ffaf56ba000 	C:\WINDOWS\System32\msvcp_win.dll
0x00007ffaf7110000 - 0x00007ffaf7141000 	C:\WINDOWS\System32\IMM32.DLL
0x00007ffaeb6c0000 - 0x00007ffaeb6cc000 	c:\Users\jhama\.vscode\extensions\redhat.java-1.31.0-win32-x64\jre\17.0.11-win32-x86_64\bin\vcruntime140_1.dll
0x00007ffad3390000 - 0x00007ffad341d000 	c:\Users\jhama\.vscode\extensions\redhat.java-1.31.0-win32-x64\jre\17.0.11-win32-x86_64\bin\msvcp140.dll
0x00007ffa220f0000 - 0x00007ffa22d52000 	c:\Users\jhama\.vscode\extensions\redhat.java-1.31.0-win32-x64\jre\17.0.11-win32-x86_64\bin\server\jvm.dll
0x00007ffaf6c70000 - 0x00007ffaf6d22000 	C:\WINDOWS\System32\ADVAPI32.dll
0x00007ffaf7370000 - 0x00007ffaf7418000 	C:\WINDOWS\System32\sechost.dll
0x00007ffaf5570000 - 0x00007ffaf5598000 	C:\WINDOWS\System32\bcrypt.dll
0x00007ffaf6e30000 - 0x00007ffaf6f45000 	C:\WINDOWS\System32\RPCRT4.dll
0x00007ffaf4290000 - 0x00007ffaf42dd000 	C:\WINDOWS\SYSTEM32\POWRPROF.dll
0x00007ffaee100000 - 0x00007ffaee10a000 	C:\WINDOWS\SYSTEM32\VERSION.dll
0x00007ffaeabc0000 - 0x00007ffaeabc9000 	C:\WINDOWS\SYSTEM32\WSOCK32.dll
0x00007ffaeee70000 - 0x00007ffaeeea4000 	C:\WINDOWS\SYSTEM32\WINMM.dll
0x00007ffaf6a30000 - 0x00007ffaf6aa1000 	C:\WINDOWS\System32\WS2_32.dll
0x00007ffaf4270000 - 0x00007ffaf4283000 	C:\WINDOWS\SYSTEM32\UMPDC.dll
0x00007ffaf4480000 - 0x00007ffaf4498000 	C:\WINDOWS\SYSTEM32\kernel.appcore.dll
0x00007ffadfd90000 - 0x00007ffadfd9a000 	c:\Users\jhama\.vscode\extensions\redhat.java-1.31.0-win32-x64\jre\17.0.11-win32-x86_64\bin\jimage.dll
0x00007ffaebe90000 - 0x00007ffaec0c2000 	C:\WINDOWS\SYSTEM32\DBGHELP.DLL
0x00007ffaf6340000 - 0x00007ffaf66c8000 	C:\WINDOWS\System32\combase.dll
0x00007ffaf66d0000 - 0x00007ffaf67a7000 	C:\WINDOWS\System32\OLEAUT32.dll
0x00007ffad98e0000 - 0x00007ffad9912000 	C:\WINDOWS\SYSTEM32\dbgcore.DLL
0x00007ffaf55a0000 - 0x00007ffaf5619000 	C:\WINDOWS\System32\bcryptPrimitives.dll
0x00007ffadf6c0000 - 0x00007ffadf6ce000 	c:\Users\jhama\.vscode\extensions\redhat.java-1.31.0-win32-x64\jre\17.0.11-win32-x86_64\bin\instrument.dll
0x00007ffad2fd0000 - 0x00007ffad2ff5000 	c:\Users\jhama\.vscode\extensions\redhat.java-1.31.0-win32-x64\jre\17.0.11-win32-x86_64\bin\java.dll
0x00007ffadf240000 - 0x00007ffadf258000 	c:\Users\jhama\.vscode\extensions\redhat.java-1.31.0-win32-x64\jre\17.0.11-win32-x86_64\bin\zip.dll

dbghelp: loaded successfully - version: 4.0.5 - missing functions: none
symbol engine: initialized successfully - sym options: 0x614 - pdb path: .;c:\Users\jhama\.vscode\extensions\redhat.java-1.31.0-win32-x64\jre\17.0.11-win32-x86_64\bin;C:\WINDOWS\SYSTEM32;C:\WINDOWS\WinSxS\amd64_microsoft.windows.common-controls_6595b64144ccf1df_6.0.22621.3527_none_270e469b73872a76;c:\Users\jhama\.vscode\extensions\redhat.java-1.31.0-win32-x64\jre\17.0.11-win32-x86_64\bin\server

VM Arguments:
jvm_args: --add-modules=ALL-SYSTEM --add-opens=java.base/java.util=ALL-UNNAMED --add-opens=java.base/java.lang=ALL-UNNAMED --add-opens=java.base/sun.nio.fs=ALL-UNNAMED -Declipse.application=org.eclipse.jdt.ls.core.id1 -Dosgi.bundles.defaultStartLevel=4 -Declipse.product=org.eclipse.jdt.ls.core.product -Djava.import.generatesMetadataFilesAtProjectRoot=false -DDetectVMInstallationsJob.disabled=true -Dfile.encoding=utf8 -XX:+UseParallelGC -XX:GCTimeRatio=4 -XX:AdaptiveSizePolicyWeight=90 -Dsun.zip.disableMemoryMapping=true -Xmx1G -Xms100m -Xlog:disable -javaagent:c:\Users\jhama\.vscode\extensions\redhat.java-1.31.0-win32-x64\lombok\lombok-1.18.32.jar -XX:+HeapDumpOnOutOfMemoryError -XX:HeapDumpPath=c:\Users\jhama\AppData\Roaming\Code\User\workspaceStorage\fe98f68a95f8fa95752b59afe04a3008\redhat.java -Daether.dependencyCollector.impl=bf 
java_command: c:\Users\jhama\.vscode\extensions\redhat.java-1.31.0-win32-x64\server\plugins\org.eclipse.equinox.launcher_1.6.800.v20240513-1750.jar -configuration c:\Users\jhama\AppData\Roaming\Code\User\globalStorage\redhat.java\1.31.0\config_win -data c:\Users\jhama\AppData\Roaming\Code\User\workspaceStorage\fe98f68a95f8fa95752b59afe04a3008\redhat.java\jdt_ws --pipe=\\.\pipe\lsp-bb391c7ac01d6fd37bab96c2f32c9dfc-sock
java_class_path (initial): c:\Users\jhama\.vscode\extensions\redhat.java-1.31.0-win32-x64\server\plugins\org.eclipse.equinox.launcher_1.6.800.v20240513-1750.jar
Launcher Type: SUN_STANDARD

[Global flags]
    uintx AdaptiveSizePolicyWeight                 = 90                                        {product} {command line}
     intx CICompilerCount                          = 4                                         {product} {ergonomic}
    uintx GCTimeRatio                              = 4                                         {product} {command line}
     bool HeapDumpOnOutOfMemoryError               = true                                   {manageable} {command line}
    ccstr HeapDumpPath                             = c:\Users\jhama\AppData\Roaming\Code\User\workspaceStorage\fe98f68a95f8fa95752b59afe04a3008\redhat.java         {manageable} {command line}
   size_t InitialHeapSize                          = 104857600                                 {product} {command line}
   size_t MaxHeapSize                              = 1073741824                                {product} {command line}
   size_t MaxNewSize                               = 357564416                                 {product} {ergonomic}
   size_t MinHeapDeltaBytes                        = 524288                                    {product} {ergonomic}
   size_t MinHeapSize                              = 104857600                                 {product} {command line}
   size_t NewSize                                  = 34603008                                  {product} {ergonomic}
    uintx NonNMethodCodeHeapSize                   = 5839372                                {pd product} {ergonomic}
    uintx NonProfiledCodeHeapSize                  = 122909434                              {pd product} {ergonomic}
   size_t OldSize                                  = 70254592                                  {product} {ergonomic}
    uintx ProfiledCodeHeapSize                     = 122909434                              {pd product} {ergonomic}
    uintx ReservedCodeCacheSize                    = 251658240                              {pd product} {ergonomic}
     bool SegmentedCodeCache                       = true                                      {product} {ergonomic}
   size_t SoftMaxHeapSize                          = 1073741824                             {manageable} {ergonomic}
     bool UseCompressedClassPointers               = true                           {product lp64_product} {ergonomic}
     bool UseCompressedOops                        = true                           {product lp64_product} {ergonomic}
     bool UseLargePagesIndividualAllocation        = false                                  {pd product} {ergonomic}
     bool UseParallelGC                            = true                                      {product} {command line}

Logging:
Log output configuration:
 #0: stdout all=off uptime,level,tags
 #1: stderr all=off uptime,level,tags

Environment Variables:
PATH=C:\Program Files\Common Files\Oracle\Java\javapath;C:\windows\system32;C:\windows;C:\windows\System32\Wbem;C:\windows\System32\WindowsPowerShell\v1.0\;C:\windows\System32\OpenSSH\;C:\Program Files (x86)\NVIDIA Corporation\PhysX\Common;C:\Program Files\NVIDIA Corporation\NVIDIA NvDLISR;C:\MinGW\bin;C:\Program Files\nodejs\;C:\Program Files\Docker\Docker\resources\bin;C:\Program Files\HP\HP One Agent;C:\WINDOWS\system32;C:\WINDOWS;C:\WINDOWS\System32\Wbem;C:\WINDOWS\System32\WindowsPowerShell\v1.0\;C:\WINDOWS\System32\OpenSSH\;C:\Program Files\Git\cmd;C:\Users\jhama\AppData\Local\Microsoft\WindowsApps;C:\Users\jhama\AppData\Local\Programs\Microsoft VS Code\bin;C:\Program Files (x86)\SSH Communications Security\SSH Secure Shell;C:\Users\jhama\AppData\Roaming\npm;C:\Program Files\MongoDB\Server\4.4\bin;C:\Users\jhama\AppData\Local\Microsoft\WindowsApps;C:\Users\jhama\AppData\Local\Android\Sdk\platform-tools;
USERNAME=jhama
OS=Windows_NT
PROCESSOR_IDENTIFIER=AMD64 Family 25 Model 80 Stepping 0, AuthenticAMD
TMP=C:\Users\jhama\AppData\Local\Temp
TEMP=C:\Users\jhama\AppData\Local\Temp



Periodic native trim disabled


---------------  S Y S T E M  ---------------

OS:
 Windows 11 , 64 bit Build 22621 (10.0.22621.3527)
OS uptime: 20 days 11:30 hours
Hyper-V role detected

CPU: total 12 (initial active 12) (12 cores per cpu, 2 threads per core) family 25 model 80 stepping 0 microcode 0x0, cx8, cmov, fxsr, ht, mmx, 3dnowpref, sse, sse2, sse3, ssse3, sse4a, sse4.1, sse4.2, popcnt, lzcnt, tsc, tscinvbit, avx, avx2, aes, erms, clmul, bmi1, bmi2, adx, sha, fma, vzeroupper, clflush, clflushopt, hv
Processor Information for all 12 processors :
  Max Mhz: 3301, Current Mhz: 3301, Mhz Limit: 3301

Memory: 4k page, system-wide physical 7524M (309M free)
TotalPageFile size 31076M (AvailPageFile size 68M)
current process WorkingSet (physical memory assigned to process): 16M, peak: 16M
current process commit charge ("private bytes"): 174M, peak: 175M

vm_info: OpenJDK 64-Bit Server VM (17.0.11+9) for windows-amd64 JRE (17.0.11+9), built on Apr 17 2024 06:07:48 by "admin" with MS VC++ 16.10 / 16.11 (VS2019)

END.
